2024-05-08 15:55:28 [background-preinit] INFO  o.h.validator.internal.util.Version - HV000001: Hibernate Validator 8.0.1.Final
2024-05-08 15:55:28 [main] INFO  o.e.demo.config.server.ConfigServer - Starting ConfigServer using Java 21.0.1 with PID 30446 (/Users/iremaktas/Documents/Projects/SpringMicroservices/config-server/target/classes started by iremaktas in /Users/iremaktas/Documents/Projects/SpringMicroservices)
2024-05-08 15:55:28 [main] INFO  o.e.demo.config.server.ConfigServer - No active profile set, falling back to 1 default profile: "default"
2024-05-08 15:55:28 [main] INFO  o.s.cloud.context.scope.GenericScope - BeanFactory id=418d0d08-3a83-3c52-978e-30374b2eda33
2024-05-08 15:55:29 [main] INFO  o.s.b.w.e.tomcat.TomcatWebServer - Tomcat initialized with port 8888 (http)
2024-05-08 15:55:29 [main] INFO  o.a.coyote.http11.Http11NioProtocol - Initializing ProtocolHandler ["http-nio-8888"]
2024-05-08 15:55:29 [main] INFO  o.a.catalina.core.StandardService - Starting service [Tomcat]
2024-05-08 15:55:29 [main] INFO  o.a.catalina.core.StandardEngine - Starting Servlet engine: [Apache Tomcat/10.1.20]
2024-05-08 15:55:29 [main] INFO  o.a.c.c.C.[Tomcat].[localhost].[/] - Initializing Spring embedded WebApplicationContext
2024-05-08 15:55:29 [main] INFO  o.s.b.w.s.c.ServletWebServerApplicationContext - Root WebApplicationContext: initialization completed in 656 ms
2024-05-08 15:55:29 [main] WARN  o.s.b.w.s.c.AnnotationConfigServletWebServerApplicationContext - Exception encountered during context initialization - cancelling refresh attempt: org.springframework.beans.factory.BeanCreationException: Error creating bean with name 'defaultEnvironmentRepository' defined in class path resource [org/springframework/cloud/config/server/config/DefaultRepositoryConfiguration.class]: You need to configure a uri for the git repository.
2024-05-08 15:55:29 [main] INFO  o.a.catalina.core.StandardService - Stopping service [Tomcat]
2024-05-08 15:55:29 [main] INFO  o.s.b.a.l.ConditionEvaluationReportLogger - 

Error starting ApplicationContext. To display the condition evaluation report re-run your application with 'debug' enabled.
2024-05-08 15:55:29 [main] ERROR o.s.b.d.LoggingFailureAnalysisReporter - 

***************************
APPLICATION FAILED TO START
***************************

Description:

Invalid config server configuration.

Action:

If you are using the git profile, you need to set a Git URI in your configuration.  If you have set spring.cloud.config.server.bootstrap=true, you need to use a composite configuration.

2024-05-08 16:01:52 [background-preinit] INFO  o.h.validator.internal.util.Version - HV000001: Hibernate Validator 8.0.1.Final
2024-05-08 16:01:52 [main] INFO  o.e.demo.config.server.ConfigServer - Starting ConfigServer using Java 21.0.1 with PID 31388 (/Users/iremaktas/Documents/Projects/SpringMicroservices/config-server/target/classes started by iremaktas in /Users/iremaktas/Documents/Projects/SpringMicroservices)
2024-05-08 16:01:52 [main] INFO  o.e.demo.config.server.ConfigServer - No active profile set, falling back to 1 default profile: "default"
2024-05-08 16:01:52 [main] INFO  o.s.cloud.context.scope.GenericScope - BeanFactory id=418d0d08-3a83-3c52-978e-30374b2eda33
2024-05-08 16:01:53 [main] INFO  o.s.b.w.e.tomcat.TomcatWebServer - Tomcat initialized with port 8888 (http)
2024-05-08 16:01:53 [main] INFO  o.a.coyote.http11.Http11NioProtocol - Initializing ProtocolHandler ["http-nio-8888"]
2024-05-08 16:01:53 [main] INFO  o.a.catalina.core.StandardService - Starting service [Tomcat]
2024-05-08 16:01:53 [main] INFO  o.a.catalina.core.StandardEngine - Starting Servlet engine: [Apache Tomcat/10.1.20]
2024-05-08 16:01:53 [main] INFO  o.a.c.c.C.[Tomcat].[localhost].[/] - Initializing Spring embedded WebApplicationContext
2024-05-08 16:01:53 [main] INFO  o.s.b.w.s.c.ServletWebServerApplicationContext - Root WebApplicationContext: initialization completed in 641 ms
2024-05-08 16:01:53 [main] WARN  o.s.b.w.s.c.AnnotationConfigServletWebServerApplicationContext - Exception encountered during context initialization - cancelling refresh attempt: org.springframework.beans.factory.BeanCreationException: Error creating bean with name 'defaultEnvironmentRepository' defined in class path resource [org/springframework/cloud/config/server/config/DefaultRepositoryConfiguration.class]: You need to configure a uri for the git repository.
2024-05-08 16:01:53 [main] INFO  o.a.catalina.core.StandardService - Stopping service [Tomcat]
2024-05-08 16:01:53 [main] INFO  o.s.b.a.l.ConditionEvaluationReportLogger - 

Error starting ApplicationContext. To display the condition evaluation report re-run your application with 'debug' enabled.
2024-05-08 16:01:53 [main] ERROR o.s.b.d.LoggingFailureAnalysisReporter - 

***************************
APPLICATION FAILED TO START
***************************

Description:

Invalid config server configuration.

Action:

If you are using the git profile, you need to set a Git URI in your configuration.  If you have set spring.cloud.config.server.bootstrap=true, you need to use a composite configuration.

2024-05-09 11:58:34 [background-preinit] INFO  o.h.validator.internal.util.Version - HV000001: Hibernate Validator 8.0.1.Final
2024-05-09 11:58:34 [main] INFO  o.e.demo.config.server.ConfigServer - Starting ConfigServer using Java 21.0.1 with PID 5766 (/Users/iremaktas/Documents/Projects/SpringMicroservices/config-server/target/classes started by iremaktas in /Users/iremaktas/Documents/Projects/SpringMicroservices)
2024-05-09 11:58:34 [main] INFO  o.e.demo.config.server.ConfigServer - The following 1 profile is active: "twitter_to_kafka"
2024-05-09 11:58:35 [main] INFO  o.s.cloud.context.scope.GenericScope - BeanFactory id=912653b9-0d44-3fde-8c26-0fa39f84863c
2024-05-09 11:58:35 [main] INFO  o.s.b.w.e.tomcat.TomcatWebServer - Tomcat initialized with port 8888 (http)
2024-05-09 11:58:35 [main] INFO  o.a.coyote.http11.Http11NioProtocol - Initializing ProtocolHandler ["http-nio-8888"]
2024-05-09 11:58:35 [main] INFO  o.a.catalina.core.StandardService - Starting service [Tomcat]
2024-05-09 11:58:35 [main] INFO  o.a.catalina.core.StandardEngine - Starting Servlet engine: [Apache Tomcat/10.1.20]
2024-05-09 11:58:35 [main] INFO  o.a.c.c.C.[Tomcat].[localhost].[/] - Initializing Spring embedded WebApplicationContext
2024-05-09 11:58:35 [main] INFO  o.s.b.w.s.c.ServletWebServerApplicationContext - Root WebApplicationContext: initialization completed in 507 ms
2024-05-09 11:58:36 [main] INFO  o.a.coyote.http11.Http11NioProtocol - Starting ProtocolHandler ["http-nio-8888"]
2024-05-09 11:58:36 [main] INFO  o.s.b.w.e.tomcat.TomcatWebServer - Tomcat started on port 8888 (http) with context path ''
2024-05-09 11:58:36 [main] INFO  o.e.demo.config.server.ConfigServer - Started ConfigServer in 2.404 seconds (process running for 2.7)
2024-05-09 11:58:44 [http-nio-8888-exec-1] INFO  o.a.c.c.C.[Tomcat].[localhost].[/] - Initializing Spring DispatcherServlet 'dispatcherServlet'
2024-05-09 11:58:44 [http-nio-8888-exec-1] INFO  o.s.web.servlet.DispatcherServlet - Initializing Servlet 'dispatcherServlet'
2024-05-09 11:58:44 [http-nio-8888-exec-1] INFO  o.s.web.servlet.DispatcherServlet - Completed initialization in 1 ms
2024-05-09 11:58:44 [http-nio-8888-exec-1] INFO  o.s.c.c.s.e.NativeEnvironmentRepository - Adding property source: Config resource 'file [/var/folders/32/wvrxnxk127g9b8_7vd5px2k40000gp/T/config-repo-6637462754990757711/config-client.yml]' via location 'file:/var/folders/32/wvrxnxk127g9b8_7vd5px2k40000gp/T/config-repo-6637462754990757711/'
2024-05-09 11:58:45 [http-nio-8888-exec-2] INFO  o.s.c.c.s.e.NativeEnvironmentRepository - Adding property source: Config resource 'file [/var/folders/32/wvrxnxk127g9b8_7vd5px2k40000gp/T/config-repo-6637462754990757711/config-client-twitter_to_kafka.properties]' via location 'file:/var/folders/32/wvrxnxk127g9b8_7vd5px2k40000gp/T/config-repo-6637462754990757711/'
2024-05-09 11:58:45 [http-nio-8888-exec-2] INFO  o.s.c.c.s.e.NativeEnvironmentRepository - Adding property source: Config resource 'file [/var/folders/32/wvrxnxk127g9b8_7vd5px2k40000gp/T/config-repo-6637462754990757711/config-client.yml]' via location 'file:/var/folders/32/wvrxnxk127g9b8_7vd5px2k40000gp/T/config-repo-6637462754990757711/'
2024-05-09 12:50:26 [background-preinit] INFO  o.h.validator.internal.util.Version - HV000001: Hibernate Validator 8.0.1.Final
2024-05-09 12:50:26 [main] INFO  o.e.demo.config.server.ConfigServer - Starting ConfigServer using Java 21.0.1 with PID 13348 (/Users/iremaktas/Documents/Projects/SpringMicroservices/config-server/target/classes started by iremaktas in /Users/iremaktas/Documents/Projects/SpringMicroservices)
2024-05-09 12:50:26 [main] INFO  o.e.demo.config.server.ConfigServer - The following 1 profile is active: "twitter_to_kafka"
2024-05-09 12:50:26 [main] WARN  o.s.b.w.s.c.AnnotationConfigServletWebServerApplicationContext - Exception encountered during context initialization - cancelling refresh attempt: java.lang.IllegalStateException: Error processing condition on org.springframework.boot.autoconfigure.security.servlet.SecurityAutoConfiguration.authenticationEventPublisher
2024-05-09 12:50:26 [main] INFO  o.s.b.a.l.ConditionEvaluationReportLogger - 

Error starting ApplicationContext. To display the condition evaluation report re-run your application with 'debug' enabled.
2024-05-09 12:50:26 [main] ERROR o.s.boot.SpringApplication - Application run failed
java.lang.IllegalStateException: Error processing condition on org.springframework.boot.autoconfigure.security.servlet.SecurityAutoConfiguration.authenticationEventPublisher
	at org.springframework.boot.autoconfigure.condition.SpringBootCondition.matches(SpringBootCondition.java:60)
	at org.springframework.context.annotation.ConditionEvaluator.shouldSkip(ConditionEvaluator.java:108)
	at org.springframework.context.annotation.ConfigurationClassBeanDefinitionReader.loadBeanDefinitionsForBeanMethod(ConfigurationClassBeanDefinitionReader.java:183)
	at org.springframework.context.annotation.ConfigurationClassBeanDefinitionReader.loadBeanDefinitionsForConfigurationClass(ConfigurationClassBeanDefinitionReader.java:144)
	at org.springframework.context.annotation.ConfigurationClassBeanDefinitionReader.loadBeanDefinitions(ConfigurationClassBeanDefinitionReader.java:120)
	at org.springframework.context.annotation.ConfigurationClassPostProcessor.processConfigBeanDefinitions(ConfigurationClassPostProcessor.java:428)
	at org.springframework.context.annotation.ConfigurationClassPostProcessor.postProcessBeanDefinitionRegistry(ConfigurationClassPostProcessor.java:289)
	at org.springframework.context.support.PostProcessorRegistrationDelegate.invokeBeanDefinitionRegistryPostProcessors(PostProcessorRegistrationDelegate.java:349)
	at org.springframework.context.support.PostProcessorRegistrationDelegate.invokeBeanFactoryPostProcessors(PostProcessorRegistrationDelegate.java:118)
	at org.springframework.context.support.AbstractApplicationContext.invokeBeanFactoryPostProcessors(AbstractApplicationContext.java:788)
	at org.springframework.context.support.AbstractApplicationContext.refresh(AbstractApplicationContext.java:606)
	at org.springframework.boot.web.servlet.context.ServletWebServerApplicationContext.refresh(ServletWebServerApplicationContext.java:146)
	at org.springframework.boot.SpringApplication.refresh(SpringApplication.java:754)
	at org.springframework.boot.SpringApplication.refreshContext(SpringApplication.java:456)
	at org.springframework.boot.SpringApplication.run(SpringApplication.java:334)
	at org.springframework.boot.SpringApplication.run(SpringApplication.java:1354)
	at org.springframework.boot.SpringApplication.run(SpringApplication.java:1343)
	at org.eaetirk.demo.config.server.ConfigServer.main(ConfigServer.java:12)
Caused by: java.lang.IllegalStateException: Failed to introspect Class [org.springframework.security.config.annotation.web.configuration.WebSecurityConfiguration] from ClassLoader [jdk.internal.loader.ClassLoaders$AppClassLoader@4e0e2f2a]
	at org.springframework.util.ReflectionUtils.getDeclaredMethods(ReflectionUtils.java:483)
	at org.springframework.util.ReflectionUtils.doWithMethods(ReflectionUtils.java:360)
	at org.springframework.util.ReflectionUtils.getUniqueDeclaredMethods(ReflectionUtils.java:417)
	at org.springframework.beans.factory.support.AbstractAutowireCapableBeanFactory.lambda$getTypeForFactoryMethod$1(AbstractAutowireCapableBeanFactory.java:750)
	at java.base/java.util.concurrent.ConcurrentHashMap.computeIfAbsent(ConcurrentHashMap.java:1708)
	at org.springframework.beans.factory.support.AbstractAutowireCapableBeanFactory.getTypeForFactoryMethod(AbstractAutowireCapableBeanFactory.java:749)
	at org.springframework.beans.factory.support.AbstractAutowireCapableBeanFactory.determineTargetType(AbstractAutowireCapableBeanFactory.java:682)
	at org.springframework.beans.factory.support.AbstractAutowireCapableBeanFactory.predictBeanType(AbstractAutowireCapableBeanFactory.java:653)
	at org.springframework.beans.factory.support.AbstractBeanFactory.isFactoryBean(AbstractBeanFactory.java:1676)
	at org.springframework.beans.factory.support.DefaultListableBeanFactory.doGetBeanNamesForType(DefaultListableBeanFactory.java:562)
	at org.springframework.beans.factory.support.DefaultListableBeanFactory.getBeanNamesForType(DefaultListableBeanFactory.java:534)
	at org.springframework.boot.autoconfigure.condition.OnBeanCondition.collectBeanNamesForType(OnBeanCondition.java:247)
	at org.springframework.boot.autoconfigure.condition.OnBeanCondition.getBeanNamesForType(OnBeanCondition.java:240)
	at org.springframework.boot.autoconfigure.condition.OnBeanCondition.getBeanNamesForType(OnBeanCondition.java:230)
	at org.springframework.boot.autoconfigure.condition.OnBeanCondition.getMatchingBeans(OnBeanCondition.java:183)
	at org.springframework.boot.autoconfigure.condition.OnBeanCondition.getMatchOutcome(OnBeanCondition.java:158)
	at org.springframework.boot.autoconfigure.condition.SpringBootCondition.matches(SpringBootCondition.java:47)
	... 17 common frames omitted
Caused by: java.lang.NoClassDefFoundError: org/springframework/security/web/access/WebInvocationPrivilegeEvaluator
	at java.base/java.lang.Class.getDeclaredMethods0(Native Method)
	at java.base/java.lang.Class.privateGetDeclaredMethods(Class.java:3578)
	at java.base/java.lang.Class.getDeclaredMethods(Class.java:2676)
	at org.springframework.util.ReflectionUtils.getDeclaredMethods(ReflectionUtils.java:465)
	... 33 common frames omitted
Caused by: java.lang.ClassNotFoundException: org.springframework.security.web.access.WebInvocationPrivilegeEvaluator
	at java.base/jdk.internal.loader.BuiltinClassLoader.loadClass(BuiltinClassLoader.java:641)
	at java.base/jdk.internal.loader.ClassLoaders$AppClassLoader.loadClass(ClassLoaders.java:188)
	at java.base/java.lang.ClassLoader.loadClass(ClassLoader.java:526)
	... 37 common frames omitted
2024-05-09 12:52:06 [background-preinit] INFO  o.h.validator.internal.util.Version - HV000001: Hibernate Validator 8.0.1.Final
2024-05-09 12:52:06 [main] INFO  o.e.demo.config.server.ConfigServer - Starting ConfigServer using Java 21.0.1 with PID 13605 (/Users/iremaktas/Documents/Projects/SpringMicroservices/config-server/target/classes started by iremaktas in /Users/iremaktas/Documents/Projects/SpringMicroservices)
2024-05-09 12:52:06 [main] INFO  o.e.demo.config.server.ConfigServer - The following 1 profile is active: "twitter_to_kafka"
2024-05-09 12:52:07 [main] WARN  o.s.b.w.s.c.AnnotationConfigServletWebServerApplicationContext - Exception encountered during context initialization - cancelling refresh attempt: java.lang.IllegalStateException: Error processing condition on org.springframework.boot.autoconfigure.security.servlet.SecurityAutoConfiguration.authenticationEventPublisher
2024-05-09 12:52:07 [main] INFO  o.s.b.a.l.ConditionEvaluationReportLogger - 

Error starting ApplicationContext. To display the condition evaluation report re-run your application with 'debug' enabled.
2024-05-09 12:52:07 [main] ERROR o.s.boot.SpringApplication - Application run failed
java.lang.IllegalStateException: Error processing condition on org.springframework.boot.autoconfigure.security.servlet.SecurityAutoConfiguration.authenticationEventPublisher
	at org.springframework.boot.autoconfigure.condition.SpringBootCondition.matches(SpringBootCondition.java:60)
	at org.springframework.context.annotation.ConditionEvaluator.shouldSkip(ConditionEvaluator.java:108)
	at org.springframework.context.annotation.ConfigurationClassBeanDefinitionReader.loadBeanDefinitionsForBeanMethod(ConfigurationClassBeanDefinitionReader.java:183)
	at org.springframework.context.annotation.ConfigurationClassBeanDefinitionReader.loadBeanDefinitionsForConfigurationClass(ConfigurationClassBeanDefinitionReader.java:144)
	at org.springframework.context.annotation.ConfigurationClassBeanDefinitionReader.loadBeanDefinitions(ConfigurationClassBeanDefinitionReader.java:120)
	at org.springframework.context.annotation.ConfigurationClassPostProcessor.processConfigBeanDefinitions(ConfigurationClassPostProcessor.java:428)
	at org.springframework.context.annotation.ConfigurationClassPostProcessor.postProcessBeanDefinitionRegistry(ConfigurationClassPostProcessor.java:289)
	at org.springframework.context.support.PostProcessorRegistrationDelegate.invokeBeanDefinitionRegistryPostProcessors(PostProcessorRegistrationDelegate.java:349)
	at org.springframework.context.support.PostProcessorRegistrationDelegate.invokeBeanFactoryPostProcessors(PostProcessorRegistrationDelegate.java:118)
	at org.springframework.context.support.AbstractApplicationContext.invokeBeanFactoryPostProcessors(AbstractApplicationContext.java:788)
	at org.springframework.context.support.AbstractApplicationContext.refresh(AbstractApplicationContext.java:606)
	at org.springframework.boot.web.servlet.context.ServletWebServerApplicationContext.refresh(ServletWebServerApplicationContext.java:146)
	at org.springframework.boot.SpringApplication.refresh(SpringApplication.java:754)
	at org.springframework.boot.SpringApplication.refreshContext(SpringApplication.java:456)
	at org.springframework.boot.SpringApplication.run(SpringApplication.java:334)
	at org.springframework.boot.SpringApplication.run(SpringApplication.java:1354)
	at org.springframework.boot.SpringApplication.run(SpringApplication.java:1343)
	at org.eaetirk.demo.config.server.ConfigServer.main(ConfigServer.java:12)
Caused by: java.lang.IllegalStateException: Failed to introspect Class [org.springframework.security.config.annotation.web.configuration.WebSecurityConfiguration] from ClassLoader [jdk.internal.loader.ClassLoaders$AppClassLoader@4e0e2f2a]
	at org.springframework.util.ReflectionUtils.getDeclaredMethods(ReflectionUtils.java:483)
	at org.springframework.util.ReflectionUtils.doWithMethods(ReflectionUtils.java:360)
	at org.springframework.util.ReflectionUtils.getUniqueDeclaredMethods(ReflectionUtils.java:417)
	at org.springframework.beans.factory.support.AbstractAutowireCapableBeanFactory.lambda$getTypeForFactoryMethod$1(AbstractAutowireCapableBeanFactory.java:750)
	at java.base/java.util.concurrent.ConcurrentHashMap.computeIfAbsent(ConcurrentHashMap.java:1708)
	at org.springframework.beans.factory.support.AbstractAutowireCapableBeanFactory.getTypeForFactoryMethod(AbstractAutowireCapableBeanFactory.java:749)
	at org.springframework.beans.factory.support.AbstractAutowireCapableBeanFactory.determineTargetType(AbstractAutowireCapableBeanFactory.java:682)
	at org.springframework.beans.factory.support.AbstractAutowireCapableBeanFactory.predictBeanType(AbstractAutowireCapableBeanFactory.java:653)
	at org.springframework.beans.factory.support.AbstractBeanFactory.isFactoryBean(AbstractBeanFactory.java:1676)
	at org.springframework.beans.factory.support.DefaultListableBeanFactory.doGetBeanNamesForType(DefaultListableBeanFactory.java:562)
	at org.springframework.beans.factory.support.DefaultListableBeanFactory.getBeanNamesForType(DefaultListableBeanFactory.java:534)
	at org.springframework.boot.autoconfigure.condition.OnBeanCondition.collectBeanNamesForType(OnBeanCondition.java:247)
	at org.springframework.boot.autoconfigure.condition.OnBeanCondition.getBeanNamesForType(OnBeanCondition.java:240)
	at org.springframework.boot.autoconfigure.condition.OnBeanCondition.getBeanNamesForType(OnBeanCondition.java:230)
	at org.springframework.boot.autoconfigure.condition.OnBeanCondition.getMatchingBeans(OnBeanCondition.java:183)
	at org.springframework.boot.autoconfigure.condition.OnBeanCondition.getMatchOutcome(OnBeanCondition.java:158)
	at org.springframework.boot.autoconfigure.condition.SpringBootCondition.matches(SpringBootCondition.java:47)
	... 17 common frames omitted
Caused by: java.lang.NoClassDefFoundError: org/springframework/security/web/SecurityFilterChain
	at java.base/java.lang.Class.getDeclaredMethods0(Native Method)
	at java.base/java.lang.Class.privateGetDeclaredMethods(Class.java:3578)
	at java.base/java.lang.Class.getDeclaredMethods(Class.java:2676)
	at org.springframework.util.ReflectionUtils.getDeclaredMethods(ReflectionUtils.java:465)
	... 33 common frames omitted
Caused by: java.lang.ClassNotFoundException: org.springframework.security.web.SecurityFilterChain
	at java.base/jdk.internal.loader.BuiltinClassLoader.loadClass(BuiltinClassLoader.java:641)
	at java.base/jdk.internal.loader.ClassLoaders$AppClassLoader.loadClass(ClassLoaders.java:188)
	at java.base/java.lang.ClassLoader.loadClass(ClassLoader.java:526)
	... 37 common frames omitted
2024-05-09 13:09:12 [background-preinit] INFO  o.h.validator.internal.util.Version - HV000001: Hibernate Validator 8.0.1.Final
2024-05-09 13:09:12 [main] INFO  o.e.demo.config.server.ConfigServer - Starting ConfigServer using Java 21.0.1 with PID 16176 (/Users/iremaktas/Documents/Projects/SpringMicroservices/config-server/target/classes started by iremaktas in /Users/iremaktas/Documents/Projects/SpringMicroservices)
2024-05-09 13:09:12 [main] INFO  o.e.demo.config.server.ConfigServer - The following 1 profile is active: "twitter_to_kafka"
2024-05-09 13:09:13 [main] INFO  o.s.cloud.context.scope.GenericScope - BeanFactory id=9c2bd5df-2def-3c35-8d57-bc7646e5dcd3
2024-05-09 13:09:13 [main] INFO  o.s.b.w.e.tomcat.TomcatWebServer - Tomcat initialized with port 8888 (http)
2024-05-09 13:09:13 [main] INFO  o.a.coyote.http11.Http11NioProtocol - Initializing ProtocolHandler ["http-nio-8888"]
2024-05-09 13:09:13 [main] INFO  o.a.catalina.core.StandardService - Starting service [Tomcat]
2024-05-09 13:09:13 [main] INFO  o.a.catalina.core.StandardEngine - Starting Servlet engine: [Apache Tomcat/10.1.20]
2024-05-09 13:09:13 [main] INFO  o.a.c.c.C.[Tomcat].[localhost].[/] - Initializing Spring embedded WebApplicationContext
2024-05-09 13:09:13 [main] INFO  o.s.b.w.s.c.ServletWebServerApplicationContext - Root WebApplicationContext: initialization completed in 681 ms
2024-05-09 13:09:13 [main] INFO  o.s.s.web.DefaultSecurityFilterChain - Will secure any request with [org.springframework.security.web.session.DisableEncodeUrlFilter@601d6622, org.springframework.security.web.context.request.async.WebAsyncManagerIntegrationFilter@76216830, org.springframework.security.web.context.SecurityContextHolderFilter@447fa959, org.springframework.security.web.header.HeaderWriterFilter@7ec08115, org.springframework.web.filter.CorsFilter@7aded903, org.springframework.security.web.csrf.CsrfFilter@3af10d0b, org.springframework.security.web.authentication.logout.LogoutFilter@9e02f84, org.springframework.security.web.authentication.UsernamePasswordAuthenticationFilter@19b75b2b, org.springframework.security.web.authentication.ui.DefaultLoginPageGeneratingFilter@666618d6, org.springframework.security.web.authentication.ui.DefaultLogoutPageGeneratingFilter@2db86a7c, org.springframework.security.web.authentication.www.BasicAuthenticationFilter@492be039, org.springframework.security.web.savedrequest.RequestCacheAwareFilter@73f6e07, org.springframework.security.web.servletapi.SecurityContextHolderAwareRequestFilter@2c9d90fc, org.springframework.security.web.authentication.AnonymousAuthenticationFilter@261f359f, org.springframework.security.web.access.ExceptionTranslationFilter@2c2c3947, org.springframework.security.web.access.intercept.AuthorizationFilter@29d25e65]
2024-05-09 13:09:15 [main] INFO  o.a.coyote.http11.Http11NioProtocol - Starting ProtocolHandler ["http-nio-8888"]
2024-05-09 13:09:15 [main] INFO  o.s.b.w.e.tomcat.TomcatWebServer - Tomcat started on port 8888 (http) with context path ''
2024-05-09 13:09:15 [main] INFO  o.e.demo.config.server.ConfigServer - Started ConfigServer in 3.14 seconds (process running for 3.531)
2024-05-09 13:09:33 [http-nio-8888-exec-1] INFO  o.a.c.c.C.[Tomcat].[localhost].[/] - Initializing Spring DispatcherServlet 'dispatcherServlet'
2024-05-09 13:09:33 [http-nio-8888-exec-1] INFO  o.s.web.servlet.DispatcherServlet - Initializing Servlet 'dispatcherServlet'
2024-05-09 13:09:33 [http-nio-8888-exec-1] INFO  o.s.web.servlet.DispatcherServlet - Completed initialization in 2 ms
2024-05-09 13:11:52 [background-preinit] INFO  o.h.validator.internal.util.Version - HV000001: Hibernate Validator 8.0.1.Final
2024-05-09 13:11:52 [main] INFO  o.e.demo.config.server.ConfigServer - Starting ConfigServer using Java 21.0.1 with PID 16550 (/Users/iremaktas/Documents/Projects/SpringMicroservices/config-server/target/classes started by iremaktas in /Users/iremaktas/Documents/Projects/SpringMicroservices)
2024-05-09 13:11:52 [main] INFO  o.e.demo.config.server.ConfigServer - The following 1 profile is active: "twitter_to_kafka"
2024-05-09 13:11:53 [main] INFO  o.s.cloud.context.scope.GenericScope - BeanFactory id=361024f7-f868-31a5-896b-32a47a05db38
2024-05-09 13:11:53 [main] INFO  o.s.b.w.e.tomcat.TomcatWebServer - Tomcat initialized with port 8888 (http)
2024-05-09 13:11:53 [main] INFO  o.a.coyote.http11.Http11NioProtocol - Initializing ProtocolHandler ["http-nio-8888"]
2024-05-09 13:11:53 [main] INFO  o.a.catalina.core.StandardService - Starting service [Tomcat]
2024-05-09 13:11:53 [main] INFO  o.a.catalina.core.StandardEngine - Starting Servlet engine: [Apache Tomcat/10.1.20]
2024-05-09 13:11:53 [main] INFO  o.a.c.c.C.[Tomcat].[localhost].[/] - Initializing Spring embedded WebApplicationContext
2024-05-09 13:11:53 [main] INFO  o.s.b.w.s.c.ServletWebServerApplicationContext - Root WebApplicationContext: initialization completed in 609 ms
2024-05-09 13:11:53 [main] INFO  o.s.s.web.DefaultSecurityFilterChain - Will secure any request with [org.springframework.security.web.session.DisableEncodeUrlFilter@521441d5, org.springframework.security.web.context.request.async.WebAsyncManagerIntegrationFilter@592ca48c, org.springframework.security.web.context.SecurityContextHolderFilter@581b1c08, org.springframework.security.web.header.HeaderWriterFilter@193bb809, org.springframework.web.filter.CorsFilter@5fed9976, org.springframework.security.web.csrf.CsrfFilter@6518fdfd, org.springframework.security.web.authentication.logout.LogoutFilter@61cda923, org.springframework.security.web.authentication.www.BasicAuthenticationFilter@2415e4c7, org.springframework.security.web.savedrequest.RequestCacheAwareFilter@78b7f805, org.springframework.security.web.servletapi.SecurityContextHolderAwareRequestFilter@58f2466c, org.springframework.security.web.authentication.AnonymousAuthenticationFilter@3fdcde7a, org.springframework.security.web.access.ExceptionTranslationFilter@4f116ca2, org.springframework.security.web.access.intercept.AuthorizationFilter@4b88ca8e]
2024-05-09 13:11:55 [main] INFO  o.a.coyote.http11.Http11NioProtocol - Starting ProtocolHandler ["http-nio-8888"]
2024-05-09 13:11:55 [main] INFO  o.s.b.w.e.tomcat.TomcatWebServer - Tomcat started on port 8888 (http) with context path ''
2024-05-09 13:11:55 [main] INFO  o.e.demo.config.server.ConfigServer - Started ConfigServer in 3.288 seconds (process running for 3.655)
2024-05-09 13:12:13 [http-nio-8888-exec-1] INFO  o.a.c.c.C.[Tomcat].[localhost].[/] - Initializing Spring DispatcherServlet 'dispatcherServlet'
2024-05-09 13:12:13 [http-nio-8888-exec-1] INFO  o.s.web.servlet.DispatcherServlet - Initializing Servlet 'dispatcherServlet'
2024-05-09 13:12:13 [http-nio-8888-exec-1] INFO  o.s.web.servlet.DispatcherServlet - Completed initialization in 3 ms
2024-05-09 13:13:07 [background-preinit] INFO  o.h.validator.internal.util.Version - HV000001: Hibernate Validator 8.0.1.Final
2024-05-09 13:13:07 [main] INFO  o.e.demo.config.server.ConfigServer - Starting ConfigServer using Java 21.0.1 with PID 16747 (/Users/iremaktas/Documents/Projects/SpringMicroservices/config-server/target/classes started by iremaktas in /Users/iremaktas/Documents/Projects/SpringMicroservices)
2024-05-09 13:13:07 [main] INFO  o.e.demo.config.server.ConfigServer - The following 1 profile is active: "twitter_to_kafka"
2024-05-09 13:13:08 [main] INFO  o.s.cloud.context.scope.GenericScope - BeanFactory id=361024f7-f868-31a5-896b-32a47a05db38
2024-05-09 13:13:08 [main] INFO  o.s.b.w.e.tomcat.TomcatWebServer - Tomcat initialized with port 8888 (http)
2024-05-09 13:13:08 [main] INFO  o.a.coyote.http11.Http11NioProtocol - Initializing ProtocolHandler ["http-nio-8888"]
2024-05-09 13:13:08 [main] INFO  o.a.catalina.core.StandardService - Starting service [Tomcat]
2024-05-09 13:13:08 [main] INFO  o.a.catalina.core.StandardEngine - Starting Servlet engine: [Apache Tomcat/10.1.20]
2024-05-09 13:13:08 [main] INFO  o.a.c.c.C.[Tomcat].[localhost].[/] - Initializing Spring embedded WebApplicationContext
2024-05-09 13:13:08 [main] INFO  o.s.b.w.s.c.ServletWebServerApplicationContext - Root WebApplicationContext: initialization completed in 758 ms
2024-05-09 13:13:08 [main] INFO  o.s.s.web.DefaultSecurityFilterChain - Will secure any request with [org.springframework.security.web.session.DisableEncodeUrlFilter@7197b07f, org.springframework.security.web.context.request.async.WebAsyncManagerIntegrationFilter@1f10fec6, org.springframework.security.web.context.SecurityContextHolderFilter@151ab2b9, org.springframework.security.web.header.HeaderWriterFilter@648c5fb3, org.springframework.web.filter.CorsFilter@7a65a360, org.springframework.security.web.csrf.CsrfFilter@51da32e5, org.springframework.security.web.authentication.logout.LogoutFilter@52d3fafd, org.springframework.security.web.authentication.www.BasicAuthenticationFilter@6fa02932, org.springframework.security.web.savedrequest.RequestCacheAwareFilter@4d705112, org.springframework.security.web.servletapi.SecurityContextHolderAwareRequestFilter@590765c4, org.springframework.security.web.authentication.AnonymousAuthenticationFilter@30a7653e, org.springframework.security.web.access.ExceptionTranslationFilter@322e49ee, org.springframework.security.web.access.intercept.AuthorizationFilter@24dd44f9]
2024-05-09 13:13:10 [main] INFO  o.a.coyote.http11.Http11NioProtocol - Starting ProtocolHandler ["http-nio-8888"]
2024-05-09 13:13:10 [main] INFO  o.s.b.w.e.tomcat.TomcatWebServer - Tomcat started on port 8888 (http) with context path ''
2024-05-09 13:13:10 [main] INFO  o.e.demo.config.server.ConfigServer - Started ConfigServer in 3.48 seconds (process running for 3.962)
2024-05-09 13:13:13 [http-nio-8888-exec-2] INFO  o.a.c.c.C.[Tomcat].[localhost].[/] - Initializing Spring DispatcherServlet 'dispatcherServlet'
2024-05-09 13:13:13 [http-nio-8888-exec-2] INFO  o.s.web.servlet.DispatcherServlet - Initializing Servlet 'dispatcherServlet'
2024-05-09 13:13:13 [http-nio-8888-exec-2] INFO  o.s.web.servlet.DispatcherServlet - Completed initialization in 1 ms
2024-05-09 13:52:00 [background-preinit] INFO  o.h.validator.internal.util.Version - HV000001: Hibernate Validator 8.0.1.Final
2024-05-09 13:52:00 [main] INFO  o.e.demo.config.server.ConfigServer - Starting ConfigServer using Java 21.0.1 with PID 22666 (/Users/iremaktas/Documents/Projects/SpringMicroservices/config-server/target/classes started by iremaktas in /Users/iremaktas/Documents/Projects/SpringMicroservices)
2024-05-09 13:52:00 [main] INFO  o.e.demo.config.server.ConfigServer - The following 1 profile is active: "twitter_to_kafka"
2024-05-09 13:52:00 [main] INFO  o.s.cloud.context.scope.GenericScope - BeanFactory id=361024f7-f868-31a5-896b-32a47a05db38
2024-05-09 13:52:00 [main] INFO  o.s.b.w.e.tomcat.TomcatWebServer - Tomcat initialized with port 8888 (http)
2024-05-09 13:52:00 [main] INFO  o.a.coyote.http11.Http11NioProtocol - Initializing ProtocolHandler ["http-nio-8888"]
2024-05-09 13:52:00 [main] INFO  o.a.catalina.core.StandardService - Starting service [Tomcat]
2024-05-09 13:52:00 [main] INFO  o.a.catalina.core.StandardEngine - Starting Servlet engine: [Apache Tomcat/10.1.20]
2024-05-09 13:52:00 [main] INFO  o.a.c.c.C.[Tomcat].[localhost].[/] - Initializing Spring embedded WebApplicationContext
2024-05-09 13:52:00 [main] INFO  o.s.b.w.s.c.ServletWebServerApplicationContext - Root WebApplicationContext: initialization completed in 687 ms
2024-05-09 13:52:01 [main] INFO  o.s.s.web.DefaultSecurityFilterChain - Will secure any request with [org.springframework.security.web.session.DisableEncodeUrlFilter@715fa8c5, org.springframework.security.web.context.request.async.WebAsyncManagerIntegrationFilter@644a3add, org.springframework.security.web.context.SecurityContextHolderFilter@577536e0, org.springframework.security.web.header.HeaderWriterFilter@59838256, org.springframework.web.filter.CorsFilter@4b765e92, org.springframework.security.web.csrf.CsrfFilter@1c240cf2, org.springframework.security.web.authentication.logout.LogoutFilter@2b736fee, org.springframework.security.web.authentication.www.BasicAuthenticationFilter@1a21f43f, org.springframework.security.web.savedrequest.RequestCacheAwareFilter@52d3fafd, org.springframework.security.web.servletapi.SecurityContextHolderAwareRequestFilter@7f0b93b4, org.springframework.security.web.authentication.AnonymousAuthenticationFilter@4665428b, org.springframework.security.web.access.ExceptionTranslationFilter@1c61eda5, org.springframework.security.web.access.intercept.AuthorizationFilter@4017fe2c]
2024-05-09 13:52:02 [main] INFO  o.a.coyote.http11.Http11NioProtocol - Starting ProtocolHandler ["http-nio-8888"]
2024-05-09 13:52:02 [main] INFO  o.s.b.w.e.tomcat.TomcatWebServer - Tomcat started on port 8888 (http) with context path ''
2024-05-09 13:52:02 [main] INFO  o.e.demo.config.server.ConfigServer - Started ConfigServer in 2.949 seconds (process running for 3.348)
2024-05-09 13:52:09 [http-nio-8888-exec-1] INFO  o.a.c.c.C.[Tomcat].[localhost].[/] - Initializing Spring DispatcherServlet 'dispatcherServlet'
2024-05-09 13:52:09 [http-nio-8888-exec-1] INFO  o.s.web.servlet.DispatcherServlet - Initializing Servlet 'dispatcherServlet'
2024-05-09 13:52:09 [http-nio-8888-exec-1] INFO  o.s.web.servlet.DispatcherServlet - Completed initialization in 2 ms
2024-05-09 13:57:34 [http-nio-8888-exec-4] INFO  o.s.c.c.s.e.NativeEnvironmentRepository - Adding property source: Config resource 'file [/var/folders/32/wvrxnxk127g9b8_7vd5px2k40000gp/T/config-repo-4672429340916264713/config-client.yml]' via location 'file:/var/folders/32/wvrxnxk127g9b8_7vd5px2k40000gp/T/config-repo-4672429340916264713/'
2024-05-09 13:57:35 [http-nio-8888-exec-5] INFO  o.s.c.c.s.e.NativeEnvironmentRepository - Adding property source: Config resource 'file [/var/folders/32/wvrxnxk127g9b8_7vd5px2k40000gp/T/config-repo-4672429340916264713/config-client-twitter_to_kafka.properties]' via location 'file:/var/folders/32/wvrxnxk127g9b8_7vd5px2k40000gp/T/config-repo-4672429340916264713/'
2024-05-09 13:57:35 [http-nio-8888-exec-5] INFO  o.s.c.c.s.e.NativeEnvironmentRepository - Adding property source: Config resource 'file [/var/folders/32/wvrxnxk127g9b8_7vd5px2k40000gp/T/config-repo-4672429340916264713/config-client.yml]' via location 'file:/var/folders/32/wvrxnxk127g9b8_7vd5px2k40000gp/T/config-repo-4672429340916264713/'
